<?xml version="1.0" encoding="UTF-8"?>
<testng-results skipped="0" failed="0" ignored="0" total="1" passed="1">
  <reporter-output>
  </reporter-output>
  <suite name="Default suite" duration-ms="3585" started-at="2020-08-14T18:31:19Z" finished-at="2020-08-14T18:31:22Z">
    <groups>
    </groups>
    <test name="Default test" duration-ms="3585" started-at="2020-08-14T18:31:19Z" finished-at="2020-08-14T18:31:22Z">
      <class name="APIBDD.APIBDD.Demo1">
        <test-method status="PASS" signature="getReq()[pri:0, instance:APIBDD.APIBDD.Demo1@523884b2]" name="getReq" duration-ms="3551" started-at="2020-08-15T00:01:19Z" finished-at="2020-08-15T00:01:22Z">
          <reporter-output>
          </reporter-output>
        </test-method> <!-- getReq -->
      </class> <!-- APIBDD.APIBDD.Demo1 -->
    </test> <!-- Default test -->
  </suite> <!-- Default suite -->
</testng-results>
